<?xml version="1.0" encoding="UTF-8"?>
<testng-results skipped="0" failed="0" ignored="0" total="2" passed="2">
  <reporter-output>
  </reporter-output>
  <suite name="Suite" duration-ms="22095" started-at="2020-04-27T19:23:10Z" finished-at="2020-04-27T19:23:32Z">
    <groups>
    </groups>
    <test name="Test" duration-ms="22095" started-at="2020-04-27T19:23:10Z" finished-at="2020-04-27T19:23:32Z">
      <class name="test.RegisterWithEmptyPasswords">
        <test-method status="PASS" signature="setup()[pri:0, instance:test.RegisterWithEmptyPasswords@68c4039c]" name="setup" is-config="true" duration-ms="7341" started-at="2020-04-27T19:23:10Z" finished-at="2020-04-27T19:23:18Z">
          <reporter-output>
          </reporter-output>
        </test-method> <!-- setup -->
        <test-method status="PASS" signature="registerWithEmptyPasswords()[pri:0, instance:test.RegisterWithEmptyPasswords@68c4039c]" name="registerWithEmptyPasswords" duration-ms="3784" started-at="2020-04-27T19:23:18Z" finished-at="2020-04-27T19:23:21Z">
          <reporter-output>
          </reporter-output>
        </test-method> <!-- registerWithEmptyPasswords -->
        <test-method status="PASS" signature="cloceBrowser()[pri:0, instance:test.RegisterWithEmptyPasswords@68c4039c]" name="cloceBrowser" is-config="true" duration-ms="1385" started-at="2020-04-27T19:23:21Z" finished-at="2020-04-27T19:23:23Z">
          <reporter-output>
          </reporter-output>
        </test-method> <!-- cloceBrowser -->
      </class> <!-- test.RegisterWithEmptyPasswords -->
      <class name="test.LoginWithWrongEmail">
        <test-method status="PASS" signature="setup()[pri:0, instance:test.LoginWithWrongEmail@ae45eb6]" name="setup" is-config="true" duration-ms="5740" started-at="2020-04-27T19:23:23Z" finished-at="2020-04-27T19:23:28Z">
          <reporter-output>
          </reporter-output>
        </test-method> <!-- setup -->
        <test-method status="PASS" signature="loginWithWrongEmail()[pri:0, instance:test.LoginWithWrongEmail@ae45eb6]" name="loginWithWrongEmail" duration-ms="3066" started-at="2020-04-27T19:23:28Z" finished-at="2020-04-27T19:23:32Z">
          <reporter-output>
          </reporter-output>
        </test-method> <!-- loginWithWrongEmail -->
        <test-method status="PASS" signature="cloceBrowser()[pri:0, instance:test.LoginWithWrongEmail@ae45eb6]" name="cloceBrowser" is-config="true" duration-ms="742" started-at="2020-04-27T19:23:32Z" finished-at="2020-04-27T19:23:32Z">
          <reporter-output>
          </reporter-output>
        </test-method> <!-- cloceBrowser -->
      </class> <!-- test.LoginWithWrongEmail -->
    </test> <!-- Test -->
  </suite> <!-- Suite -->
</testng-results>
